<?xml version="1.0" encoding="UTF-8"?>
<!-- Generated by org.testng.reporters.JUnitReportReporter -->
<testsuite skipped="0" hostname="GCDTP007" name="ng.CCixtest" tests="1" failures="0" timestamp="12 Sep 2017 08:20:09 GMT" time="31.944" errors="0">
  <testcase name="anianddnis" time="31.944" classname="ng.CCixtest"/>
</testsuite> <!-- ng.CCixtest -->
